<?xml version="1.0" encoding="UTF-8"?>
<testsuite xmlns:xsi="http://www.w3.org/2001/XMLSchema-instance" xsi:noNamespaceSchemaLocation="https://maven.apache.org/surefire/maven-surefire-plugin/xsd/surefire-test-report.xsd" name="cn.com.zfh.AppTest" time="0.03" tests="1" errors="0" skipped="0" failures="0">
  <properties>
    <property name="gopherProxySet" value="false"/>
    <property name="awt.toolkit" value="sun.lwawt.macosx.LWCToolkit"/>
    <property name="file.encoding.pkg" value="sun.io"/>
    <property name="java.specification.version" value="1.8"/>
    <property name="sun.cpu.isalist" value=""/>
    <property name="sun.jnu.encoding" value="UTF-8"/>
    <property name="java.class.path" value="/Users/zhangfuhaozhang/workspace/DemoClass2/target/test-classes:/Users/zhangfuhaozhang/workspace/DemoClass2/target/classes:/Users/zhangfuhaozhang/mavenrespotry/junit/junit/4.11/junit-4.11.jar:/Users/zhangfuhaozhang/mavenrespotry/org/hamcrest/hamcrest-core/1.3/hamcrest-core-1.3.jar:"/>
    <property name="java.vm.vendor" value="JetBrains s.r.o"/>
    <property name="sun.arch.data.model" value="64"/>
    <property name="java.vendor.url" value="https://www.jetbrains.com/"/>
    <property name="user.timezone" value=""/>
    <property name="java.vm.specification.version" value="1.8"/>
    <property name="os.name" value="Mac OS X"/>
    <property name="user.country" value="CN"/>
    <property name="sun.java.launcher" value="SUN_STANDARD"/>
    <property name="sun.boot.library.path" value="/Applications/IntelliJ IDEA.app/Contents/jdk/Contents/Home/jre/lib"/>
    <property name="sun.java.command" value="/Users/zhangfuhaozhang/workspace/DemoClass2/target/surefire/surefirebooter4520187411928522964.jar /Users/zhangfuhaozhang/workspace/DemoClass2/target/surefire 2019-11-05T11-14-40_270-jvmRun1 surefire4964081062838178749tmp surefire_07350543105717573453tmp"/>
    <property name="http.nonProxyHosts" value="local|*.local|169.254/16|*.169.254/16"/>
    <property name="surefire.test.class.path" value="/Users/zhangfuhaozhang/workspace/DemoClass2/target/test-classes:/Users/zhangfuhaozhang/workspace/DemoClass2/target/classes:/Users/zhangfuhaozhang/mavenrespotry/junit/junit/4.11/junit-4.11.jar:/Users/zhangfuhaozhang/mavenrespotry/org/hamcrest/hamcrest-core/1.3/hamcrest-core-1.3.jar:"/>
    <property name="sun.cpu.endian" value="little"/>
    <property name="user.home" value="/Users/zhangfuhaozhang"/>
    <property name="user.language" value="zh"/>
    <property name="java.specification.vendor" value="Oracle Corporation"/>
    <property name="java.home" value="/Applications/IntelliJ IDEA.app/Contents/jdk/Contents/Home/jre"/>
    <property name="basedir" value="/Users/zhangfuhaozhang/workspace/DemoClass2"/>
    <property name="file.separator" value="/"/>
    <property name="line.separator" value="&#10;"/>
    <property name="java.vm.specification.vendor" value="Oracle Corporation"/>
    <property name="java.specification.name" value="Java Platform API Specification"/>
    <property name="java.awt.graphicsenv" value="sun.awt.CGraphicsEnvironment"/>
    <property name="surefire.real.class.path" value="/Users/zhangfuhaozhang/workspace/DemoClass2/target/surefire/surefirebooter4520187411928522964.jar"/>
    <property name="sun.boot.class.path" value="/Applications/IntelliJ IDEA.app/Contents/jdk/Contents/Home/jre/lib/resources.jar:/Applications/IntelliJ IDEA.app/Contents/jdk/Contents/Home/jre/lib/rt.jar:/Applications/IntelliJ IDEA.app/Contents/jdk/Contents/Home/jre/lib/sunrsasign.jar:/Applications/IntelliJ IDEA.app/Contents/jdk/Contents/Home/jre/lib/jsse.jar:/Applications/IntelliJ IDEA.app/Contents/jdk/Contents/Home/jre/lib/jce.jar:/Applications/IntelliJ IDEA.app/Contents/jdk/Contents/Home/jre/lib/charsets.jar:/Applications/IntelliJ IDEA.app/Contents/jdk/Contents/Home/jre/lib/jfr.jar:/Applications/IntelliJ IDEA.app/Contents/jdk/Contents/Home/jre/classes"/>
    <property name="sun.management.compiler" value="HotSpot 64-Bit Tiered Compilers"/>
    <property name="ftp.nonProxyHosts" value="local|*.local|169.254/16|*.169.254/16"/>
    <property name="java.runtime.version" value="1.8.0_202-release-1483-b58"/>
    <property name="user.name" value="zhangfuhaozhang"/>
    <property name="path.separator" value=":"/>
    <property name="os.version" value="10.14.5"/>
    <property name="java.endorsed.dirs" value="/Applications/IntelliJ IDEA.app/Contents/jdk/Contents/Home/jre/lib/endorsed"/>
    <property name="java.runtime.name" value="OpenJDK Runtime Environment"/>
    <property name="file.encoding" value="UTF-8"/>
    <property name="java.vm.name" value="OpenJDK 64-Bit Server VM"/>
    <property name="localRepository" value="/Users/zhangfuhaozhang/mavenrespotry"/>
    <property name="java.vendor.url.bug" value="https://youtrack.jetbrains.com"/>
    <property name="java.io.tmpdir" value="/var/folders/7c/1pxfb1t50sd5mdyzgl91jnlw0000gn/T/"/>
    <property name="java.version" value="1.8.0_202-release"/>
    <property name="user.dir" value="/Users/zhangfuhaozhang/workspace/DemoClass2"/>
    <property name="os.arch" value="x86_64"/>
    <property name="java.vm.specification.name" value="Java Virtual Machine Specification"/>
    <property name="java.awt.printerjob" value="sun.lwawt.macosx.CPrinterJob"/>
    <property name="idea.version2019.1.3" value="true"/>
    <property name="sun.os.patch.level" value="unknown"/>
    <property name="java.library.path" value="/Users/zhangfuhaozhang/Library/Java/Extensions:/Library/Java/Extensions:/Network/Library/Java/Extensions:/System/Library/Java/Extensions:/usr/lib/java:."/>
    <property name="java.vm.info" value="mixed mode"/>
    <property name="java.vendor" value="JetBrains s.r.o"/>
    <property name="java.vm.version" value="25.202-b58"/>
    <property name="java.ext.dirs" value="/Users/zhangfuhaozhang/Library/Java/Extensions:/Applications/IntelliJ IDEA.app/Contents/jdk/Contents/Home/jre/lib/ext:/Library/Java/Extensions:/Network/Library/Java/Extensions:/System/Library/Java/Extensions:/usr/lib/java"/>
    <property name="sun.io.unicode.encoding" value="UnicodeBig"/>
    <property name="java.class.version" value="52.0"/>
    <property name="socksNonProxyHosts" value="local|*.local|169.254/16|*.169.254/16"/>
  </properties>
  <testcase name="shouldAnswerWithTrue" classname="cn.com.zfh.AppTest" time="0.002"/>
</testsuite>